<?xml version="1.0" encoding="UTF-8"?>
<testng-results skipped="0" failed="0" total="1" passed="1">
  <reporter-output>
  </reporter-output>
  <suite name="Suite" duration-ms="12362" started-at="2021-01-07T06:04:30Z" finished-at="2021-01-07T06:04:43Z">
    <groups>
    </groups>
    <test name="Test" duration-ms="12362" started-at="2021-01-07T06:04:30Z" finished-at="2021-01-07T06:04:43Z">
      <class name="com.example.uitest.demotest1">
        <test-method status="PASS" signature="beforeclass()[pri:0, instance:com.example.uitest.demotest1@75bd9247]" name="beforeclass" is-config="true" duration-ms="10098" started-at="2021-01-06T22:04:30Z" finished-at="2021-01-06T22:04:40Z">
          <reporter-output>
          </reporter-output>
        </test-method> <!-- beforeclass -->
        <test-method status="PASS" signature="create()[pri:0, instance:com.example.uitest.demotest1@75bd9247]" name="create" duration-ms="2081" started-at="2021-01-06T22:04:40Z" finished-at="2021-01-06T22:04:42Z">
          <reporter-output>
          </reporter-output>
        </test-method> <!-- create -->
        <test-method status="PASS" signature="AfterClass()[pri:0, instance:com.example.uitest.demotest1@75bd9247]" name="AfterClass" is-config="true" duration-ms="171" started-at="2021-01-06T22:04:42Z" finished-at="2021-01-06T22:04:43Z">
          <reporter-output>
          </reporter-output>
        </test-method> <!-- AfterClass -->
      </class> <!-- com.example.uitest.demotest1 -->
    </test> <!-- Test -->
  </suite> <!-- Suite -->
</testng-results>
